# JRE version: OpenJDK Runtime Environment (11.0.11+9) (build 11.0.11+9-b60-7590822)
# Java VM: OpenJDK 64-Bit Server VM (11.0.11+9-b60-7590822, mixed mode, tiered, compressed oops, g1 gc, windows-amd64)
Heap:
 garbage-first heap   total 262144K, used 107655K [0x0000000080000000, 0x0000000100000000)
  region size 1024K, 73 young (74752K), 12 survivors (12288K)
 Metaspace       used 64218K, capacity 65728K, committed 66044K, reserved 1105920K
  class space    used 8152K, capacity 8740K, committed 8832K, reserved 1048576K
GC Heap History (16 events):
Event: 0.769 GC heap before
{Heap before GC invocations=0 (full 0):
 garbage-first heap   total 262144K, used 29696K [0x0000000080000000, 0x0000000100000000)
  region size 1024K, 24 young (24576K), 0 survivors (0K)
 Metaspace       used 10116K, capacity 10403K, committed 10624K, reserved 1058816K
  class space    used 1059K, capacity 1106K, committed 1152K, reserved 1048576K
}
Event: 0.773 GC heap after
{Heap after GC invocations=1 (full 0):
 garbage-first heap   total 262144K, used 9337K [0x0000000080000000, 0x0000000100000000)
  region size 1024K, 3 young (3072K), 3 survivors (3072K)
 Metaspace       used 10116K, capacity 10403K, committed 10624K, reserved 1058816K
  class space    used 1059K, capacity 1106K, committed 1152K, reserved 1048576K
}
Event: 2.527 GC heap before
{Heap before GC invocations=1 (full 0):
 garbage-first heap   total 262144K, used 109689K [0x0000000080000000, 0x0000000100000000)
  region size 1024K, 102 young (104448K), 3 survivors (3072K)
 Metaspace       used 20644K, capacity 21116K, committed 21296K, reserved 1069056K
  class space    used 2535K, capacity 2660K, committed 2688K, reserved 1048576K
}
Event: 2.534 GC heap after
{Heap after GC invocations=2 (full 0):
 garbage-first heap   total 262144K, used 17169K [0x0000000080000000, 0x0000000100000000)
  region size 1024K, 11 young (11264K), 11 survivors (11264K)
 Metaspace       used 20644K, capacity 21116K, committed 21296K, reserved 1069056K
  class space    used 2535K, capacity 2660K, committed 2688K, reserved 1048576K
}
Event: 2.641 GC heap before
{Heap before GC invocations=3 (full 0):
 garbage-first heap   total 262144K, used 30481K [0x0000000080000000, 0x0000000100000000)
  region size 1024K, 24 young (24576K), 11 survivors (11264K)
 Metaspace       used 22156K, capacity 22697K, committed 22960K, reserved 1069056K
  class space    used 2797K, capacity 2980K, committed 3072K, reserved 1048576K
}
Event: 2.646 GC heap after
{Heap after GC invocations=4 (full 0):
 garbage-first heap   total 262144K, used 18074K [0x0000000080000000, 0x0000000100000000)
  region size 1024K, 1 young (1024K), 1 survivors (1024K)
 Metaspace       used 22156K, capacity 22697K, committed 22960K, reserved 1069056K
  class space    used 2797K, capacity 2980K, committed 3072K, reserved 1048576K
}
Event: 3.413 GC heap before
{Heap before GC invocations=4 (full 0):
 garbage-first heap   total 262144K, used 98970K [0x0000000080000000, 0x0000000100000000)
  region size 1024K, 80 young (81920K), 1 survivors (1024K)
 Metaspace       used 29726K, capacity 30443K, committed 30512K, reserved 1075200K
  class space    used 3984K, capacity 4205K, committed 4224K, reserved 1048576K
}
Event: 3.416 GC heap after
{Heap after GC invocations=5 (full 0):
 garbage-first heap   total 262144K, used 20358K [0x0000000080000000, 0x0000000100000000)
  region size 1024K, 4 young (4096K), 4 survivors (4096K)
 Metaspace       used 29726K, capacity 30443K, committed 30512K, reserved 1075200K
  class space    used 3984K, capacity 4205K, committed 4224K, reserved 1048576K
}
Event: 3.742 GC heap before
{Heap before GC invocations=5 (full 0):
 garbage-first heap   total 262144K, used 38790K [0x0000000080000000, 0x0000000100000000)
  region size 1024K, 23 young (23552K), 4 survivors (4096K)
 Metaspace       used 34871K, capacity 35659K, committed 35708K, reserved 1081344K
  class space    used 4542K, capacity 4861K, committed 4864K, reserved 1048576K
}
Event: 3.750 GC heap after
{Heap after GC invocations=6 (full 0):
 garbage-first heap   total 262144K, used 22867K [0x0000000080000000, 0x0000000100000000)
  region size 1024K, 6 young (6144K), 6 survivors (6144K)
 Metaspace       used 34871K, capacity 35659K, committed 35708K, reserved 1081344K
  class space    used 4542K, capacity 4861K, committed 4864K, reserved 1048576K
}
Event: 4.875 GC heap before
{Heap before GC invocations=7 (full 0):
 garbage-first heap   total 262144K, used 147795K [0x0000000080000000, 0x0000000100000000)
  region size 1024K, 125 young (128000K), 6 survivors (6144K)
 Metaspace       used 45041K, capacity 46032K, committed 46332K, reserved 1089536K
  class space    used 5789K, capacity 6171K, committed 6272K, reserved 1048576K
}
Event: 4.882 GC heap after
{Heap after GC invocations=8 (full 0):
 garbage-first heap   total 262144K, used 29808K [0x0000000080000000, 0x0000000100000000)
  region size 1024K, 13 young (13312K), 13 survivors (13312K)
 Metaspace       used 45041K, capacity 46032K, committed 46332K, reserved 1089536K
  class space    used 5789K, capacity 6171K, committed 6272K, reserved 1048576K
}
Event: 8.175 GC heap before
{Heap before GC invocations=8 (full 0):
 garbage-first heap   total 262144K, used 163952K [0x0000000080000000, 0x0000000100000000)
  region size 1024K, 140 young (143360K), 13 survivors (13312K)
 Metaspace       used 52992K, capacity 54382K, committed 54652K, reserved 1097728K
  class space    used 6755K, capacity 7298K, committed 7424K, reserved 1048576K
}
Event: 8.183 GC heap after
{Heap after GC invocations=9 (full 0):
 garbage-first heap   total 262144K, used 43724K [0x0000000080000000, 0x0000000100000000)
  region size 1024K, 18 young (18432K), 18 survivors (18432K)
 Metaspace       used 52992K, capacity 54382K, committed 54652K, reserved 1097728K
  class space    used 6755K, capacity 7298K, committed 7424K, reserved 1048576K
}
Event: 8.559 GC heap before
{Heap before GC invocations=9 (full 0):
 garbage-first heap   total 262144K, used 78540K [0x0000000080000000, 0x0000000100000000)
  region size 1024K, 53 young (54272K), 18 survivors (18432K)
 Metaspace       used 58471K, capacity 59815K, committed 59900K, reserved 1101824K
  class space    used 7445K, capacity 7996K, committed 8064K, reserved 1048576K
}
Event: 8.572 GC heap after
{Heap after GC invocations=10 (full 0):
 garbage-first heap   total 262144K, used 46215K [0x0000000080000000, 0x0000000100000000)
  region size 1024K, 12 young (12288K), 12 survivors (12288K)
 Metaspace       used 58471K, capacity 59815K, committed 59900K, reserved 1101824K
  class space    used 7445K, capacity 7996K, committed 8064K, reserved 1048576K
}

